<?xml version="1.0" encoding="UTF-8"?>
<testsuites name="jest tests" tests="16" failures="16" errors="0" time="4.003">
  <testsuite name="CSSStateUtils" errors="0" failures="2" skipped="0" timestamp="2025-04-26T07:42:43" time="0.52" tests="2">
    <testcase classname="CSSStateUtils merges equivalent states correctly" name="CSSStateUtils merges equivalent states correctly" time="0">
      <failure>ReferenceError: CSSStateUtils is not defined
    at Object.&lt;anonymous&gt; (/home/nnamdi/Projects/obinexus/pkg/dev/urgent/obix/tests/unit/core/parser/css/states/CSSState.test.ts:12:25)
    at Promise.then.completed (/home/nnamdi/Projects/obinexus/pkg/dev/urgent/obix/node_modules/jest-circus/build/utils.js:298:28)
    at new Promise (&lt;anonymous&gt;)
    at callAsyncCircusFn (/home/nnamdi/Projects/obinexus/pkg/dev/urgent/obix/node_modules/jest-circus/build/utils.js:231:10)
    at _callCircusTest (/home/nnamdi/Projects/obinexus/pkg/dev/urgent/obix/node_modules/jest-circus/build/run.js:316:40)
    at processTicksAndRejections (node:internal/process/task_queues:105:5)
    at _runTest (/home/nnamdi/Projects/obinexus/pkg/dev/urgent/obix/node_modules/jest-circus/build/run.js:252:3)
    at _runTestsForDescribeBlock (/home/nnamdi/Projects/obinexus/pkg/dev/urgent/obix/node_modules/jest-circus/build/run.js:126:9)
    at _runTestsForDescribeBlock (/home/nnamdi/Projects/obinexus/pkg/dev/urgent/obix/node_modules/jest-circus/build/run.js:121:9)
    at run (/home/nnamdi/Projects/obinexus/pkg/dev/urgent/obix/node_modules/jest-circus/build/run.js:71:3)
    at runAndTransformResultsToJestFormat (/home/nnamdi/Projects/obinexus/pkg/dev/urgent/obix/node_modules/jest-circus/build/legacy-code-todo-rewrite/jestAdapterInit.js:122:21)
    at jestAdapter (/home/nnamdi/Projects/obinexus/pkg/dev/urgent/obix/node_modules/jest-circus/build/legacy-code-todo-rewrite/jestAdapter.js:79:19)
    at runTestInternal (/home/nnamdi/Projects/obinexus/pkg/dev/urgent/obix/node_modules/jest-runner/build/runTest.js:367:16)
    at runTest (/home/nnamdi/Projects/obinexus/pkg/dev/urgent/obix/node_modules/jest-runner/build/runTest.js:444:34)</failure>
    </testcase>
    <testcase classname="CSSStateUtils preserves original behavior after minimization" name="CSSStateUtils preserves original behavior after minimization" time="0">
      <failure>ReferenceError: CSSStateUtils is not defined
    at Object.&lt;anonymous&gt; (/home/nnamdi/Projects/obinexus/pkg/dev/urgent/obix/tests/unit/core/parser/css/states/CSSState.test.ts:31:25)
    at Promise.then.completed (/home/nnamdi/Projects/obinexus/pkg/dev/urgent/obix/node_modules/jest-circus/build/utils.js:298:28)
    at new Promise (&lt;anonymous&gt;)
    at callAsyncCircusFn (/home/nnamdi/Projects/obinexus/pkg/dev/urgent/obix/node_modules/jest-circus/build/utils.js:231:10)
    at _callCircusTest (/home/nnamdi/Projects/obinexus/pkg/dev/urgent/obix/node_modules/jest-circus/build/run.js:316:40)
    at processTicksAndRejections (node:internal/process/task_queues:105:5)
    at _runTest (/home/nnamdi/Projects/obinexus/pkg/dev/urgent/obix/node_modules/jest-circus/build/run.js:252:3)
    at _runTestsForDescribeBlock (/home/nnamdi/Projects/obinexus/pkg/dev/urgent/obix/node_modules/jest-circus/build/run.js:126:9)
    at _runTestsForDescribeBlock (/home/nnamdi/Projects/obinexus/pkg/dev/urgent/obix/node_modules/jest-circus/build/run.js:121:9)
    at run (/home/nnamdi/Projects/obinexus/pkg/dev/urgent/obix/node_modules/jest-circus/build/run.js:71:3)
    at runAndTransformResultsToJestFormat (/home/nnamdi/Projects/obinexus/pkg/dev/urgent/obix/node_modules/jest-circus/build/legacy-code-todo-rewrite/jestAdapterInit.js:122:21)
    at jestAdapter (/home/nnamdi/Projects/obinexus/pkg/dev/urgent/obix/node_modules/jest-circus/build/legacy-code-todo-rewrite/jestAdapter.js:79:19)
    at runTestInternal (/home/nnamdi/Projects/obinexus/pkg/dev/urgent/obix/node_modules/jest-runner/build/runTest.js:367:16)
    at runTest (/home/nnamdi/Projects/obinexus/pkg/dev/urgent/obix/node_modules/jest-runner/build/runTest.js:444:34)</failure>
    </testcase>
  </testsuite>
  <testsuite name="CSSStateMachine" errors="0" failures="4" skipped="0" timestamp="2025-04-26T07:42:44" time="0.204" tests="4">
    <testcase classname="CSSStateMachine transitions between states correctly" name="CSSStateMachine transitions between states correctly" time="0.001">
      <failure>ReferenceError: CSSStateMachine is not defined
    at Object.&lt;anonymous&gt; (/home/nnamdi/Projects/obinexus/pkg/dev/urgent/obix/tests/unit/core/parser/css/states/CSSStateMachine.test.ts:7:7)
    at Promise.then.completed (/home/nnamdi/Projects/obinexus/pkg/dev/urgent/obix/node_modules/jest-circus/build/utils.js:298:28)
    at new Promise (&lt;anonymous&gt;)
    at callAsyncCircusFn (/home/nnamdi/Projects/obinexus/pkg/dev/urgent/obix/node_modules/jest-circus/build/utils.js:231:10)
    at _callCircusHook (/home/nnamdi/Projects/obinexus/pkg/dev/urgent/obix/node_modules/jest-circus/build/run.js:281:40)
    at _runTest (/home/nnamdi/Projects/obinexus/pkg/dev/urgent/obix/node_modules/jest-circus/build/run.js:246:5)
    at _runTestsForDescribeBlock (/home/nnamdi/Projects/obinexus/pkg/dev/urgent/obix/node_modules/jest-circus/build/run.js:126:9)
    at _runTestsForDescribeBlock (/home/nnamdi/Projects/obinexus/pkg/dev/urgent/obix/node_modules/jest-circus/build/run.js:121:9)
    at run (/home/nnamdi/Projects/obinexus/pkg/dev/urgent/obix/node_modules/jest-circus/build/run.js:71:3)
    at runAndTransformResultsToJestFormat (/home/nnamdi/Projects/obinexus/pkg/dev/urgent/obix/node_modules/jest-circus/build/legacy-code-todo-rewrite/jestAdapterInit.js:122:21)
    at jestAdapter (/home/nnamdi/Projects/obinexus/pkg/dev/urgent/obix/node_modules/jest-circus/build/legacy-code-todo-rewrite/jestAdapter.js:79:19)
    at runTestInternal (/home/nnamdi/Projects/obinexus/pkg/dev/urgent/obix/node_modules/jest-runner/build/runTest.js:367:16)
    at runTest (/home/nnamdi/Projects/obinexus/pkg/dev/urgent/obix/node_modules/jest-runner/build/runTest.js:444:34)</failure>
    </testcase>
    <testcase classname="CSSStateMachine validates transitions" name="CSSStateMachine validates transitions" time="0">
      <failure>ReferenceError: CSSStateMachine is not defined
    at Object.&lt;anonymous&gt; (/home/nnamdi/Projects/obinexus/pkg/dev/urgent/obix/tests/unit/core/parser/css/states/CSSStateMachine.test.ts:7:7)
    at Promise.then.completed (/home/nnamdi/Projects/obinexus/pkg/dev/urgent/obix/node_modules/jest-circus/build/utils.js:298:28)
    at new Promise (&lt;anonymous&gt;)
    at callAsyncCircusFn (/home/nnamdi/Projects/obinexus/pkg/dev/urgent/obix/node_modules/jest-circus/build/utils.js:231:10)
    at _callCircusHook (/home/nnamdi/Projects/obinexus/pkg/dev/urgent/obix/node_modules/jest-circus/build/run.js:281:40)
    at _runTest (/home/nnamdi/Projects/obinexus/pkg/dev/urgent/obix/node_modules/jest-circus/build/run.js:246:5)
    at _runTestsForDescribeBlock (/home/nnamdi/Projects/obinexus/pkg/dev/urgent/obix/node_modules/jest-circus/build/run.js:126:9)
    at _runTestsForDescribeBlock (/home/nnamdi/Projects/obinexus/pkg/dev/urgent/obix/node_modules/jest-circus/build/run.js:121:9)
    at run (/home/nnamdi/Projects/obinexus/pkg/dev/urgent/obix/node_modules/jest-circus/build/run.js:71:3)
    at runAndTransformResultsToJestFormat (/home/nnamdi/Projects/obinexus/pkg/dev/urgent/obix/node_modules/jest-circus/build/legacy-code-todo-rewrite/jestAdapterInit.js:122:21)
    at jestAdapter (/home/nnamdi/Projects/obinexus/pkg/dev/urgent/obix/node_modules/jest-circus/build/legacy-code-todo-rewrite/jestAdapter.js:79:19)
    at runTestInternal (/home/nnamdi/Projects/obinexus/pkg/dev/urgent/obix/node_modules/jest-runner/build/runTest.js:367:16)
    at runTest (/home/nnamdi/Projects/obinexus/pkg/dev/urgent/obix/node_modules/jest-runner/build/runTest.js:444:34)</failure>
    </testcase>
    <testcase classname="CSSStateMachine resets to initial state" name="CSSStateMachine resets to initial state" time="0">
      <failure>ReferenceError: CSSStateMachine is not defined
    at Object.&lt;anonymous&gt; (/home/nnamdi/Projects/obinexus/pkg/dev/urgent/obix/tests/unit/core/parser/css/states/CSSStateMachine.test.ts:7:7)
    at Promise.then.completed (/home/nnamdi/Projects/obinexus/pkg/dev/urgent/obix/node_modules/jest-circus/build/utils.js:298:28)
    at new Promise (&lt;anonymous&gt;)
    at callAsyncCircusFn (/home/nnamdi/Projects/obinexus/pkg/dev/urgent/obix/node_modules/jest-circus/build/utils.js:231:10)
    at _callCircusHook (/home/nnamdi/Projects/obinexus/pkg/dev/urgent/obix/node_modules/jest-circus/build/run.js:281:40)
    at _runTest (/home/nnamdi/Projects/obinexus/pkg/dev/urgent/obix/node_modules/jest-circus/build/run.js:246:5)
    at _runTestsForDescribeBlock (/home/nnamdi/Projects/obinexus/pkg/dev/urgent/obix/node_modules/jest-circus/build/run.js:126:9)
    at _runTestsForDescribeBlock (/home/nnamdi/Projects/obinexus/pkg/dev/urgent/obix/node_modules/jest-circus/build/run.js:121:9)
    at run (/home/nnamdi/Projects/obinexus/pkg/dev/urgent/obix/node_modules/jest-circus/build/run.js:71:3)
    at runAndTransformResultsToJestFormat (/home/nnamdi/Projects/obinexus/pkg/dev/urgent/obix/node_modules/jest-circus/build/legacy-code-todo-rewrite/jestAdapterInit.js:122:21)
    at jestAdapter (/home/nnamdi/Projects/obinexus/pkg/dev/urgent/obix/node_modules/jest-circus/build/legacy-code-todo-rewrite/jestAdapter.js:79:19)
    at runTestInternal (/home/nnamdi/Projects/obinexus/pkg/dev/urgent/obix/node_modules/jest-runner/build/runTest.js:367:16)
    at runTest (/home/nnamdi/Projects/obinexus/pkg/dev/urgent/obix/node_modules/jest-runner/build/runTest.js:444:34)</failure>
    </testcase>
    <testcase classname="CSSStateMachine tracks state history" name="CSSStateMachine tracks state history" time="0">
      <failure>ReferenceError: CSSStateMachine is not defined
    at Object.&lt;anonymous&gt; (/home/nnamdi/Projects/obinexus/pkg/dev/urgent/obix/tests/unit/core/parser/css/states/CSSStateMachine.test.ts:7:7)
    at Promise.then.completed (/home/nnamdi/Projects/obinexus/pkg/dev/urgent/obix/node_modules/jest-circus/build/utils.js:298:28)
    at new Promise (&lt;anonymous&gt;)
    at callAsyncCircusFn (/home/nnamdi/Projects/obinexus/pkg/dev/urgent/obix/node_modules/jest-circus/build/utils.js:231:10)
    at _callCircusHook (/home/nnamdi/Projects/obinexus/pkg/dev/urgent/obix/node_modules/jest-circus/build/run.js:281:40)
    at _runTest (/home/nnamdi/Projects/obinexus/pkg/dev/urgent/obix/node_modules/jest-circus/build/run.js:246:5)
    at _runTestsForDescribeBlock (/home/nnamdi/Projects/obinexus/pkg/dev/urgent/obix/node_modules/jest-circus/build/run.js:126:9)
    at _runTestsForDescribeBlock (/home/nnamdi/Projects/obinexus/pkg/dev/urgent/obix/node_modules/jest-circus/build/run.js:121:9)
    at run (/home/nnamdi/Projects/obinexus/pkg/dev/urgent/obix/node_modules/jest-circus/build/run.js:71:3)
    at runAndTransformResultsToJestFormat (/home/nnamdi/Projects/obinexus/pkg/dev/urgent/obix/node_modules/jest-circus/build/legacy-code-todo-rewrite/jestAdapterInit.js:122:21)
    at jestAdapter (/home/nnamdi/Projects/obinexus/pkg/dev/urgent/obix/node_modules/jest-circus/build/legacy-code-todo-rewrite/jestAdapter.js:79:19)
    at runTestInternal (/home/nnamdi/Projects/obinexus/pkg/dev/urgent/obix/node_modules/jest-runner/build/runTest.js:367:16)
    at runTest (/home/nnamdi/Projects/obinexus/pkg/dev/urgent/obix/node_modules/jest-runner/build/runTest.js:444:34)</failure>
    </testcase>
  </testsuite>
  <testsuite name="CSSTokenizer" errors="0" failures="5" skipped="0" timestamp="2025-04-26T07:42:44" time="0.21" tests="5">
    <testcase classname="CSSTokenizer tokenizes a simple CSS rule" name="CSSTokenizer tokenizes a simple CSS rule" time="0">
      <failure>ReferenceError: CSSTokenizer is not defined
    at Object.&lt;anonymous&gt; (/home/nnamdi/Projects/obinexus/pkg/dev/urgent/obix/tests/unit/core/parser/css/parser/CSSTokenizer.test.ts:6:25)
    at Promise.then.completed (/home/nnamdi/Projects/obinexus/pkg/dev/urgent/obix/node_modules/jest-circus/build/utils.js:298:28)
    at new Promise (&lt;anonymous&gt;)
    at callAsyncCircusFn (/home/nnamdi/Projects/obinexus/pkg/dev/urgent/obix/node_modules/jest-circus/build/utils.js:231:10)
    at _callCircusTest (/home/nnamdi/Projects/obinexus/pkg/dev/urgent/obix/node_modules/jest-circus/build/run.js:316:40)
    at _runTest (/home/nnamdi/Projects/obinexus/pkg/dev/urgent/obix/node_modules/jest-circus/build/run.js:252:3)
    at _runTestsForDescribeBlock (/home/nnamdi/Projects/obinexus/pkg/dev/urgent/obix/node_modules/jest-circus/build/run.js:126:9)
    at _runTestsForDescribeBlock (/home/nnamdi/Projects/obinexus/pkg/dev/urgent/obix/node_modules/jest-circus/build/run.js:121:9)
    at run (/home/nnamdi/Projects/obinexus/pkg/dev/urgent/obix/node_modules/jest-circus/build/run.js:71:3)
    at runAndTransformResultsToJestFormat (/home/nnamdi/Projects/obinexus/pkg/dev/urgent/obix/node_modules/jest-circus/build/legacy-code-todo-rewrite/jestAdapterInit.js:122:21)
    at jestAdapter (/home/nnamdi/Projects/obinexus/pkg/dev/urgent/obix/node_modules/jest-circus/build/legacy-code-todo-rewrite/jestAdapter.js:79:19)
    at runTestInternal (/home/nnamdi/Projects/obinexus/pkg/dev/urgent/obix/node_modules/jest-runner/build/runTest.js:367:16)
    at runTest (/home/nnamdi/Projects/obinexus/pkg/dev/urgent/obix/node_modules/jest-runner/build/runTest.js:444:34)</failure>
    </testcase>
    <testcase classname="CSSTokenizer tokenizes a CSS rule with multiple declarations" name="CSSTokenizer tokenizes a CSS rule with multiple declarations" time="0.001">
      <failure>ReferenceError: CSSTokenizer is not defined
    at Object.&lt;anonymous&gt; (/home/nnamdi/Projects/obinexus/pkg/dev/urgent/obix/tests/unit/core/parser/css/parser/CSSTokenizer.test.ts:21:25)
    at Promise.then.completed (/home/nnamdi/Projects/obinexus/pkg/dev/urgent/obix/node_modules/jest-circus/build/utils.js:298:28)
    at new Promise (&lt;anonymous&gt;)
    at callAsyncCircusFn (/home/nnamdi/Projects/obinexus/pkg/dev/urgent/obix/node_modules/jest-circus/build/utils.js:231:10)
    at _callCircusTest (/home/nnamdi/Projects/obinexus/pkg/dev/urgent/obix/node_modules/jest-circus/build/run.js:316:40)
    at _runTest (/home/nnamdi/Projects/obinexus/pkg/dev/urgent/obix/node_modules/jest-circus/build/run.js:252:3)
    at _runTestsForDescribeBlock (/home/nnamdi/Projects/obinexus/pkg/dev/urgent/obix/node_modules/jest-circus/build/run.js:126:9)
    at _runTestsForDescribeBlock (/home/nnamdi/Projects/obinexus/pkg/dev/urgent/obix/node_modules/jest-circus/build/run.js:121:9)
    at run (/home/nnamdi/Projects/obinexus/pkg/dev/urgent/obix/node_modules/jest-circus/build/run.js:71:3)
    at runAndTransformResultsToJestFormat (/home/nnamdi/Projects/obinexus/pkg/dev/urgent/obix/node_modules/jest-circus/build/legacy-code-todo-rewrite/jestAdapterInit.js:122:21)
    at jestAdapter (/home/nnamdi/Projects/obinexus/pkg/dev/urgent/obix/node_modules/jest-circus/build/legacy-code-todo-rewrite/jestAdapter.js:79:19)
    at runTestInternal (/home/nnamdi/Projects/obinexus/pkg/dev/urgent/obix/node_modules/jest-runner/build/runTest.js:367:16)
    at runTest (/home/nnamdi/Projects/obinexus/pkg/dev/urgent/obix/node_modules/jest-runner/build/runTest.js:444:34)</failure>
    </testcase>
    <testcase classname="CSSTokenizer tokenizes CSS with comments" name="CSSTokenizer tokenizes CSS with comments" time="0">
      <failure>ReferenceError: CSSTokenizer is not defined
    at Object.&lt;anonymous&gt; (/home/nnamdi/Projects/obinexus/pkg/dev/urgent/obix/tests/unit/core/parser/css/parser/CSSTokenizer.test.ts:37:25)
    at Promise.then.completed (/home/nnamdi/Projects/obinexus/pkg/dev/urgent/obix/node_modules/jest-circus/build/utils.js:298:28)
    at new Promise (&lt;anonymous&gt;)
    at callAsyncCircusFn (/home/nnamdi/Projects/obinexus/pkg/dev/urgent/obix/node_modules/jest-circus/build/utils.js:231:10)
    at _callCircusTest (/home/nnamdi/Projects/obinexus/pkg/dev/urgent/obix/node_modules/jest-circus/build/run.js:316:40)
    at _runTest (/home/nnamdi/Projects/obinexus/pkg/dev/urgent/obix/node_modules/jest-circus/build/run.js:252:3)
    at _runTestsForDescribeBlock (/home/nnamdi/Projects/obinexus/pkg/dev/urgent/obix/node_modules/jest-circus/build/run.js:126:9)
    at _runTestsForDescribeBlock (/home/nnamdi/Projects/obinexus/pkg/dev/urgent/obix/node_modules/jest-circus/build/run.js:121:9)
    at run (/home/nnamdi/Projects/obinexus/pkg/dev/urgent/obix/node_modules/jest-circus/build/run.js:71:3)
    at runAndTransformResultsToJestFormat (/home/nnamdi/Projects/obinexus/pkg/dev/urgent/obix/node_modules/jest-circus/build/legacy-code-todo-rewrite/jestAdapterInit.js:122:21)
    at jestAdapter (/home/nnamdi/Projects/obinexus/pkg/dev/urgent/obix/node_modules/jest-circus/build/legacy-code-todo-rewrite/jestAdapter.js:79:19)
    at runTestInternal (/home/nnamdi/Projects/obinexus/pkg/dev/urgent/obix/node_modules/jest-runner/build/runTest.js:367:16)
    at runTest (/home/nnamdi/Projects/obinexus/pkg/dev/urgent/obix/node_modules/jest-runner/build/runTest.js:444:34)</failure>
    </testcase>
    <testcase classname="CSSTokenizer tokenizes CSS with at-rules" name="CSSTokenizer tokenizes CSS with at-rules" time="0">
      <failure>ReferenceError: CSSTokenizer is not defined
    at Object.&lt;anonymous&gt; (/home/nnamdi/Projects/obinexus/pkg/dev/urgent/obix/tests/unit/core/parser/css/parser/CSSTokenizer.test.ts:50:25)
    at Promise.then.completed (/home/nnamdi/Projects/obinexus/pkg/dev/urgent/obix/node_modules/jest-circus/build/utils.js:298:28)
    at new Promise (&lt;anonymous&gt;)
    at callAsyncCircusFn (/home/nnamdi/Projects/obinexus/pkg/dev/urgent/obix/node_modules/jest-circus/build/utils.js:231:10)
    at _callCircusTest (/home/nnamdi/Projects/obinexus/pkg/dev/urgent/obix/node_modules/jest-circus/build/run.js:316:40)
    at _runTest (/home/nnamdi/Projects/obinexus/pkg/dev/urgent/obix/node_modules/jest-circus/build/run.js:252:3)
    at _runTestsForDescribeBlock (/home/nnamdi/Projects/obinexus/pkg/dev/urgent/obix/node_modules/jest-circus/build/run.js:126:9)
    at _runTestsForDescribeBlock (/home/nnamdi/Projects/obinexus/pkg/dev/urgent/obix/node_modules/jest-circus/build/run.js:121:9)
    at run (/home/nnamdi/Projects/obinexus/pkg/dev/urgent/obix/node_modules/jest-circus/build/run.js:71:3)
    at runAndTransformResultsToJestFormat (/home/nnamdi/Projects/obinexus/pkg/dev/urgent/obix/node_modules/jest-circus/build/legacy-code-todo-rewrite/jestAdapterInit.js:122:21)
    at jestAdapter (/home/nnamdi/Projects/obinexus/pkg/dev/urgent/obix/node_modules/jest-circus/build/legacy-code-todo-rewrite/jestAdapter.js:79:19)
    at runTestInternal (/home/nnamdi/Projects/obinexus/pkg/dev/urgent/obix/node_modules/jest-runner/build/runTest.js:367:16)
    at runTest (/home/nnamdi/Projects/obinexus/pkg/dev/urgent/obix/node_modules/jest-runner/build/runTest.js:444:34)</failure>
    </testcase>
    <testcase classname="CSSTokenizer handles malformed CSS gracefully" name="CSSTokenizer handles malformed CSS gracefully" time="0">
      <failure>ReferenceError: CSSTokenizer is not defined
    at Object.&lt;anonymous&gt; (/home/nnamdi/Projects/obinexus/pkg/dev/urgent/obix/tests/unit/core/parser/css/parser/CSSTokenizer.test.ts:63:25)
    at Promise.then.completed (/home/nnamdi/Projects/obinexus/pkg/dev/urgent/obix/node_modules/jest-circus/build/utils.js:298:28)
    at new Promise (&lt;anonymous&gt;)
    at callAsyncCircusFn (/home/nnamdi/Projects/obinexus/pkg/dev/urgent/obix/node_modules/jest-circus/build/utils.js:231:10)
    at _callCircusTest (/home/nnamdi/Projects/obinexus/pkg/dev/urgent/obix/node_modules/jest-circus/build/run.js:316:40)
    at _runTest (/home/nnamdi/Projects/obinexus/pkg/dev/urgent/obix/node_modules/jest-circus/build/run.js:252:3)
    at _runTestsForDescribeBlock (/home/nnamdi/Projects/obinexus/pkg/dev/urgent/obix/node_modules/jest-circus/build/run.js:126:9)
    at _runTestsForDescribeBlock (/home/nnamdi/Projects/obinexus/pkg/dev/urgent/obix/node_modules/jest-circus/build/run.js:121:9)
    at run (/home/nnamdi/Projects/obinexus/pkg/dev/urgent/obix/node_modules/jest-circus/build/run.js:71:3)
    at runAndTransformResultsToJestFormat (/home/nnamdi/Projects/obinexus/pkg/dev/urgent/obix/node_modules/jest-circus/build/legacy-code-todo-rewrite/jestAdapterInit.js:122:21)
    at jestAdapter (/home/nnamdi/Projects/obinexus/pkg/dev/urgent/obix/node_modules/jest-circus/build/legacy-code-todo-rewrite/jestAdapter.js:79:19)
    at runTestInternal (/home/nnamdi/Projects/obinexus/pkg/dev/urgent/obix/node_modules/jest-runner/build/runTest.js:367:16)
    at runTest (/home/nnamdi/Projects/obinexus/pkg/dev/urgent/obix/node_modules/jest-runner/build/runTest.js:444:34)</failure>
    </testcase>
  </testsuite>
  <testsuite name="CSSReader" errors="0" failures="5" skipped="0" timestamp="2025-04-26T07:42:44" time="0.21" tests="5">
    <testcase classname="CSSReader reads a selector correctly" name="CSSReader reads a selector correctly" time="0.001">
      <failure>ReferenceError: CSSReader is not defined
    at Object.&lt;anonymous&gt; (/home/nnamdi/Projects/obinexus/pkg/dev/urgent/obix/tests/unit/core/parser/css/readers/CSSReader.test.ts:8:22)
    at Promise.then.completed (/home/nnamdi/Projects/obinexus/pkg/dev/urgent/obix/node_modules/jest-circus/build/utils.js:298:28)
    at new Promise (&lt;anonymous&gt;)
    at callAsyncCircusFn (/home/nnamdi/Projects/obinexus/pkg/dev/urgent/obix/node_modules/jest-circus/build/utils.js:231:10)
    at _callCircusTest (/home/nnamdi/Projects/obinexus/pkg/dev/urgent/obix/node_modules/jest-circus/build/run.js:316:40)
    at _runTest (/home/nnamdi/Projects/obinexus/pkg/dev/urgent/obix/node_modules/jest-circus/build/run.js:252:3)
    at _runTestsForDescribeBlock (/home/nnamdi/Projects/obinexus/pkg/dev/urgent/obix/node_modules/jest-circus/build/run.js:126:9)
    at _runTestsForDescribeBlock (/home/nnamdi/Projects/obinexus/pkg/dev/urgent/obix/node_modules/jest-circus/build/run.js:121:9)
    at run (/home/nnamdi/Projects/obinexus/pkg/dev/urgent/obix/node_modules/jest-circus/build/run.js:71:3)
    at runAndTransformResultsToJestFormat (/home/nnamdi/Projects/obinexus/pkg/dev/urgent/obix/node_modules/jest-circus/build/legacy-code-todo-rewrite/jestAdapterInit.js:122:21)
    at jestAdapter (/home/nnamdi/Projects/obinexus/pkg/dev/urgent/obix/node_modules/jest-circus/build/legacy-code-todo-rewrite/jestAdapter.js:79:19)
    at runTestInternal (/home/nnamdi/Projects/obinexus/pkg/dev/urgent/obix/node_modules/jest-runner/build/runTest.js:367:16)
    at runTest (/home/nnamdi/Projects/obinexus/pkg/dev/urgent/obix/node_modules/jest-runner/build/runTest.js:444:34)</failure>
    </testcase>
    <testcase classname="CSSReader reads a property correctly" name="CSSReader reads a property correctly" time="0">
      <failure>ReferenceError: CSSReader is not defined
    at Object.&lt;anonymous&gt; (/home/nnamdi/Projects/obinexus/pkg/dev/urgent/obix/tests/unit/core/parser/css/readers/CSSReader.test.ts:17:22)
    at Promise.then.completed (/home/nnamdi/Projects/obinexus/pkg/dev/urgent/obix/node_modules/jest-circus/build/utils.js:298:28)
    at new Promise (&lt;anonymous&gt;)
    at callAsyncCircusFn (/home/nnamdi/Projects/obinexus/pkg/dev/urgent/obix/node_modules/jest-circus/build/utils.js:231:10)
    at _callCircusTest (/home/nnamdi/Projects/obinexus/pkg/dev/urgent/obix/node_modules/jest-circus/build/run.js:316:40)
    at _runTest (/home/nnamdi/Projects/obinexus/pkg/dev/urgent/obix/node_modules/jest-circus/build/run.js:252:3)
    at _runTestsForDescribeBlock (/home/nnamdi/Projects/obinexus/pkg/dev/urgent/obix/node_modules/jest-circus/build/run.js:126:9)
    at _runTestsForDescribeBlock (/home/nnamdi/Projects/obinexus/pkg/dev/urgent/obix/node_modules/jest-circus/build/run.js:121:9)
    at run (/home/nnamdi/Projects/obinexus/pkg/dev/urgent/obix/node_modules/jest-circus/build/run.js:71:3)
    at runAndTransformResultsToJestFormat (/home/nnamdi/Projects/obinexus/pkg/dev/urgent/obix/node_modules/jest-circus/build/legacy-code-todo-rewrite/jestAdapterInit.js:122:21)
    at jestAdapter (/home/nnamdi/Projects/obinexus/pkg/dev/urgent/obix/node_modules/jest-circus/build/legacy-code-todo-rewrite/jestAdapter.js:79:19)
    at runTestInternal (/home/nnamdi/Projects/obinexus/pkg/dev/urgent/obix/node_modules/jest-runner/build/runTest.js:367:16)
    at runTest (/home/nnamdi/Projects/obinexus/pkg/dev/urgent/obix/node_modules/jest-runner/build/runTest.js:444:34)</failure>
    </testcase>
    <testcase classname="CSSReader reads a value correctly" name="CSSReader reads a value correctly" time="0">
      <failure>ReferenceError: CSSReader is not defined
    at Object.&lt;anonymous&gt; (/home/nnamdi/Projects/obinexus/pkg/dev/urgent/obix/tests/unit/core/parser/css/readers/CSSReader.test.ts:26:22)
    at Promise.then.completed (/home/nnamdi/Projects/obinexus/pkg/dev/urgent/obix/node_modules/jest-circus/build/utils.js:298:28)
    at new Promise (&lt;anonymous&gt;)
    at callAsyncCircusFn (/home/nnamdi/Projects/obinexus/pkg/dev/urgent/obix/node_modules/jest-circus/build/utils.js:231:10)
    at _callCircusTest (/home/nnamdi/Projects/obinexus/pkg/dev/urgent/obix/node_modules/jest-circus/build/run.js:316:40)
    at _runTest (/home/nnamdi/Projects/obinexus/pkg/dev/urgent/obix/node_modules/jest-circus/build/run.js:252:3)
    at _runTestsForDescribeBlock (/home/nnamdi/Projects/obinexus/pkg/dev/urgent/obix/node_modules/jest-circus/build/run.js:126:9)
    at _runTestsForDescribeBlock (/home/nnamdi/Projects/obinexus/pkg/dev/urgent/obix/node_modules/jest-circus/build/run.js:121:9)
    at run (/home/nnamdi/Projects/obinexus/pkg/dev/urgent/obix/node_modules/jest-circus/build/run.js:71:3)
    at runAndTransformResultsToJestFormat (/home/nnamdi/Projects/obinexus/pkg/dev/urgent/obix/node_modules/jest-circus/build/legacy-code-todo-rewrite/jestAdapterInit.js:122:21)
    at jestAdapter (/home/nnamdi/Projects/obinexus/pkg/dev/urgent/obix/node_modules/jest-circus/build/legacy-code-todo-rewrite/jestAdapter.js:79:19)
    at runTestInternal (/home/nnamdi/Projects/obinexus/pkg/dev/urgent/obix/node_modules/jest-runner/build/runTest.js:367:16)
    at runTest (/home/nnamdi/Projects/obinexus/pkg/dev/urgent/obix/node_modules/jest-runner/build/runTest.js:444:34)</failure>
    </testcase>
    <testcase classname="CSSReader reads an at-rule correctly" name="CSSReader reads an at-rule correctly" time="0">
      <failure>ReferenceError: CSSReader is not defined
    at Object.&lt;anonymous&gt; (/home/nnamdi/Projects/obinexus/pkg/dev/urgent/obix/tests/unit/core/parser/css/readers/CSSReader.test.ts:35:22)
    at Promise.then.completed (/home/nnamdi/Projects/obinexus/pkg/dev/urgent/obix/node_modules/jest-circus/build/utils.js:298:28)
    at new Promise (&lt;anonymous&gt;)
    at callAsyncCircusFn (/home/nnamdi/Projects/obinexus/pkg/dev/urgent/obix/node_modules/jest-circus/build/utils.js:231:10)
    at _callCircusTest (/home/nnamdi/Projects/obinexus/pkg/dev/urgent/obix/node_modules/jest-circus/build/run.js:316:40)
    at _runTest (/home/nnamdi/Projects/obinexus/pkg/dev/urgent/obix/node_modules/jest-circus/build/run.js:252:3)
    at _runTestsForDescribeBlock (/home/nnamdi/Projects/obinexus/pkg/dev/urgent/obix/node_modules/jest-circus/build/run.js:126:9)
    at _runTestsForDescribeBlock (/home/nnamdi/Projects/obinexus/pkg/dev/urgent/obix/node_modules/jest-circus/build/run.js:121:9)
    at run (/home/nnamdi/Projects/obinexus/pkg/dev/urgent/obix/node_modules/jest-circus/build/run.js:71:3)
    at runAndTransformResultsToJestFormat (/home/nnamdi/Projects/obinexus/pkg/dev/urgent/obix/node_modules/jest-circus/build/legacy-code-todo-rewrite/jestAdapterInit.js:122:21)
    at jestAdapter (/home/nnamdi/Projects/obinexus/pkg/dev/urgent/obix/node_modules/jest-circus/build/legacy-code-todo-rewrite/jestAdapter.js:79:19)
    at runTestInternal (/home/nnamdi/Projects/obinexus/pkg/dev/urgent/obix/node_modules/jest-runner/build/runTest.js:367:16)
    at runTest (/home/nnamdi/Projects/obinexus/pkg/dev/urgent/obix/node_modules/jest-runner/build/runTest.js:444:34)</failure>
    </testcase>
    <testcase classname="CSSReader reads a block correctly" name="CSSReader reads a block correctly" time="0">
      <failure>ReferenceError: CSSReader is not defined
    at Object.&lt;anonymous&gt; (/home/nnamdi/Projects/obinexus/pkg/dev/urgent/obix/tests/unit/core/parser/css/readers/CSSReader.test.ts:44:22)
    at Promise.then.completed (/home/nnamdi/Projects/obinexus/pkg/dev/urgent/obix/node_modules/jest-circus/build/utils.js:298:28)
    at new Promise (&lt;anonymous&gt;)
    at callAsyncCircusFn (/home/nnamdi/Projects/obinexus/pkg/dev/urgent/obix/node_modules/jest-circus/build/utils.js:231:10)
    at _callCircusTest (/home/nnamdi/Projects/obinexus/pkg/dev/urgent/obix/node_modules/jest-circus/build/run.js:316:40)
    at _runTest (/home/nnamdi/Projects/obinexus/pkg/dev/urgent/obix/node_modules/jest-circus/build/run.js:252:3)
    at _runTestsForDescribeBlock (/home/nnamdi/Projects/obinexus/pkg/dev/urgent/obix/node_modules/jest-circus/build/run.js:126:9)
    at _runTestsForDescribeBlock (/home/nnamdi/Projects/obinexus/pkg/dev/urgent/obix/node_modules/jest-circus/build/run.js:121:9)
    at run (/home/nnamdi/Projects/obinexus/pkg/dev/urgent/obix/node_modules/jest-circus/build/run.js:71:3)
    at runAndTransformResultsToJestFormat (/home/nnamdi/Projects/obinexus/pkg/dev/urgent/obix/node_modules/jest-circus/build/legacy-code-todo-rewrite/jestAdapterInit.js:122:21)
    at jestAdapter (/home/nnamdi/Projects/obinexus/pkg/dev/urgent/obix/node_modules/jest-circus/build/legacy-code-todo-rewrite/jestAdapter.js:79:19)
    at runTestInternal (/home/nnamdi/Projects/obinexus/pkg/dev/urgent/obix/node_modules/jest-runner/build/runTest.js:367:16)
    at runTest (/home/nnamdi/Projects/obinexus/pkg/dev/urgent/obix/node_modules/jest-runner/build/runTest.js:444:34)</failure>
    </testcase>
  </testsuite>
</testsuites>